Flow report for NewProject
Sun Jun 02 21:46:22 2024
Quartus Prime Version 20.1.0 Build 711 06/05/2020 SJ Lite Edition


---------------------
; Table of Contents ;
---------------------
  1. Legal Notice
  2. Flow Summary
  3. Flow Settings
  4. Flow Non-Default Global Settings
  5. Flow Elapsed Time
  6. Flow OS Summary
  7. Flow Log
  8. Flow Messages
  9. Flow Suppressed Messages



----------------
; Legal Notice ;
----------------
Copyright (C) 2020  Intel Corporation. All rights reserved.
Your use of Intel Corporation's design tools, logic functions 
and other software and tools, and any partner logic 
functions, and any output files from any of the foregoing 
(including device programming or simulation files), and any 
associated documentation or information are expressly subject 
to the terms and conditions of the Intel Program License 
Subscription Agreement, the Intel Quartus Prime License Agreement,
the Intel FPGA IP License Agreement, or other applicable license
agreement, including, without limitation, that your use is for
the sole purpose of programming logic devices manufactured by
Intel and sold by Intel or its authorized distributors.  Please
refer to the applicable agreement for further details, at
https://fpgasoftware.intel.com/eula.



+-------------------------------------------------------------------------------+
; Flow Summary                                                                  ;
+---------------------------------+---------------------------------------------+
; Flow Status                     ; Successful - Sun Jun 02 21:46:22 2024       ;
; Quartus Prime Version           ; 20.1.0 Build 711 06/05/2020 SJ Lite Edition ;
; Revision Name                   ; NewProject                                  ;
; Top-level Entity Name           ; NewProject                                  ;
; Family                          ; Cyclone V                                   ;
; Device                          ; 5CGXFC7C6U19A7                              ;
; Timing Models                   ; Final                                       ;
; Logic utilization (in ALMs)     ; 1 / 56,480 ( < 1 % )                        ;
; Total registers                 ; 0                                           ;
; Total pins                      ; 3 / 268 ( 1 % )                             ;
; Total virtual pins              ; 0                                           ;
; Total block memory bits         ; 0 / 7,024,640 ( 0 % )                       ;
; Total DSP Blocks                ; 0 / 156 ( 0 % )                             ;
; Total HSSI RX PCSs              ; 0 / 6 ( 0 % )                               ;
; Total HSSI PMA RX Deserializers ; 0 / 6 ( 0 % )                               ;
; Total HSSI TX PCSs              ; 0 / 6 ( 0 % )                               ;
; Total HSSI PMA TX Serializers   ; 0 / 6 ( 0 % )                               ;
; Total PLLs                      ; 0 / 13 ( 0 % )                              ;
; Total DLLs                      ; 0 / 4 ( 0 % )                               ;
+---------------------------------+---------------------------------------------+


+-----------------------------------------+
; Flow Settings                           ;
+-------------------+---------------------+
; Option            ; Setting             ;
+-------------------+---------------------+
; Start date & time ; 06/02/2024 21:34:59 ;
; Main task         ; Compilation         ;
; Revision Name     ; NewProject          ;
+-------------------+---------------------+


+------------------------------------------------------------------------------------------------------------------------------------------------+
; Flow Non-Default Global Settings                                                                                                               ;
+-------------------------------------+----------------------------------------+---------------+-------------+-----------------------------------+
; Assignment Name                     ; Value                                  ; Default Value ; Entity Name ; Section Id                        ;
+-------------------------------------+----------------------------------------+---------------+-------------+-----------------------------------+
; COMPILER_SIGNATURE_ID               ; 2545494260108.171737489819556          ; --            ; --          ; --                                ;
; EDA_GENERATE_FUNCTIONAL_NETLIST     ; Off                                    ; --            ; --          ; eda_board_design_timing           ;
; EDA_GENERATE_FUNCTIONAL_NETLIST     ; Off                                    ; --            ; --          ; eda_board_design_boundary_scan    ;
; EDA_GENERATE_FUNCTIONAL_NETLIST     ; Off                                    ; --            ; --          ; eda_board_design_signal_integrity ;
; EDA_GENERATE_FUNCTIONAL_NETLIST     ; Off                                    ; --            ; --          ; eda_board_design_symbol           ;
; EDA_OUTPUT_DATA_FORMAT              ; Vhdl                                   ; --            ; --          ; eda_simulation                    ;
; EDA_SIMULATION_TOOL                 ; ModelSim (VHDL)                        ; <None>        ; --          ; --                                ;
; EDA_TIME_SCALE                      ; 1 ps                                   ; --            ; --          ; eda_simulation                    ;
; MAX_CORE_JUNCTION_TEMP              ; 125                                    ; --            ; --          ; --                                ;
; MIN_CORE_JUNCTION_TEMP              ; -40                                    ; --            ; --          ; --                                ;
; PARTITION_COLOR                     ; -- (Not supported for targeted family) ; --            ; --          ; Top                               ;
; PARTITION_FITTER_PRESERVATION_LEVEL ; -- (Not supported for targeted family) ; --            ; --          ; Top                               ;
; PARTITION_NETLIST_TYPE              ; -- (Not supported for targeted family) ; --            ; --          ; Top                               ;
; PROJECT_OUTPUT_DIRECTORY            ; output_files                           ; --            ; --          ; --                                ;
+-------------------------------------+----------------------------------------+---------------+-------------+-----------------------------------+


+--------------------------------------------------------------------------------------------------------------------------+
; Flow Elapsed Time                                                                                                        ;
+----------------------+--------------+-------------------------+---------------------+------------------------------------+
; Module Name          ; Elapsed Time ; Average Processors Used ; Peak Virtual Memory ; Total CPU Time (on all processors) ;
+----------------------+--------------+-------------------------+---------------------+------------------------------------+
; Analysis & Synthesis ; 00:00:16     ; 1.0                     ; 4833 MB             ; 00:00:21                           ;
; Fitter               ; 00:01:02     ; 1.0                     ; 6895 MB             ; 00:01:00                           ;
; Assembler            ; 00:00:17     ; 1.0                     ; 4842 MB             ; 00:00:10                           ;
; Timing Analyzer      ; 00:00:10     ; 1.0                     ; 5210 MB             ; 00:00:07                           ;
; EDA Netlist Writer   ; 00:00:02     ; 1.0                     ; 4731 MB             ; 00:00:01                           ;
; EDA Netlist Writer   ; 00:00:02     ; 1.0                     ; 4718 MB             ; 00:00:01                           ;
; EDA Netlist Writer   ; 00:00:01     ; 1.0                     ; 4727 MB             ; 00:00:01                           ;
; EDA Netlist Writer   ; 00:00:02     ; 1.0                     ; 4721 MB             ; 00:00:01                           ;
; EDA Netlist Writer   ; 00:00:02     ; 1.0                     ; 4727 MB             ; 00:00:01                           ;
; EDA Netlist Writer   ; 00:00:01     ; 1.0                     ; 4718 MB             ; 00:00:01                           ;
; EDA Netlist Writer   ; 00:00:02     ; 1.0                     ; 4732 MB             ; 00:00:02                           ;
; EDA Netlist Writer   ; 00:00:02     ; 1.0                     ; 4718 MB             ; 00:00:01                           ;
; EDA Netlist Writer   ; 00:00:02     ; 1.0                     ; 4730 MB             ; 00:00:01                           ;
; Total                ; 00:02:01     ; --                      ; --                  ; 00:01:48                           ;
+----------------------+--------------+-------------------------+---------------------+------------------------------------+


+------------------------------------------------------------------------------------+
; Flow OS Summary                                                                    ;
+----------------------+------------------+------------+------------+----------------+
; Module Name          ; Machine Hostname ; OS Name    ; OS Version ; Processor type ;
+----------------------+------------------+------------+------------+----------------+
; Analysis & Synthesis ; DESKTOP-1QSCRH6  ; Windows 10 ; 10.0       ; x86_64         ;
; Fitter               ; DESKTOP-1QSCRH6  ; Windows 10 ; 10.0       ; x86_64         ;
; Assembler            ; DESKTOP-1QSCRH6  ; Windows 10 ; 10.0       ; x86_64         ;
; Timing Analyzer      ; DESKTOP-1QSCRH6  ; Windows 10 ; 10.0       ; x86_64         ;
; EDA Netlist Writer   ; DESKTOP-1QSCRH6  ; Windows 10 ; 10.0       ; x86_64         ;
; EDA Netlist Writer   ; DESKTOP-1QSCRH6  ; Windows 10 ; 10.0       ; x86_64         ;
; EDA Netlist Writer   ; DESKTOP-1QSCRH6  ; Windows 10 ; 10.0       ; x86_64         ;
; EDA Netlist Writer   ; DESKTOP-1QSCRH6  ; Windows 10 ; 10.0       ; x86_64         ;
; EDA Netlist Writer   ; DESKTOP-1QSCRH6  ; Windows 10 ; 10.0       ; x86_64         ;
; EDA Netlist Writer   ; DESKTOP-1QSCRH6  ; Windows 10 ; 10.0       ; x86_64         ;
; EDA Netlist Writer   ; DESKTOP-1QSCRH6  ; Windows 10 ; 10.0       ; x86_64         ;
; EDA Netlist Writer   ; DESKTOP-1QSCRH6  ; Windows 10 ; 10.0       ; x86_64         ;
; EDA Netlist Writer   ; DESKTOP-1QSCRH6  ; Windows 10 ; 10.0       ; x86_64         ;
+----------------------+------------------+------------+------------+----------------+


------------
; Flow Log ;
------------
quartus_map --read_settings_files=on --write_settings_files=off NewProject -c NewProject
quartus_fit --read_settings_files=off --write_settings_files=off NewProject -c NewProject
quartus_asm --read_settings_files=off --write_settings_files=off NewProject -c NewProject
quartus_sta NewProject -c NewProject
quartus_eda --read_settings_files=off --write_settings_files=off NewProject -c NewProject
quartus_eda --gen_testbench --tool=modelsim_oem --format=verilog --write_settings_files=off NewProject -c NewProject --vector_source="C:/Users/Henry/OneDrive/Área de Trabalho/Revisão eletrônica digital/001.Projeto de Sistemas Digitais/Quartus/PrimeiroProjeto/Waveform.vwf" --testbench_file="C:/Users/Henry/OneDrive/Área de Trabalho/Revisão eletrônica digital/001.Projeto de Sistemas Digitais/Quartus/PrimeiroProjeto/simulation/qsim/Waveform.vwf.vt"
quartus_eda --write_settings_files=off --simulation=on --functional=on --flatten_buses=off --tool=modelsim_oem --format=verilog --output_directory="C:/Users/Henry/OneDrive/Área de Trabalho/Revisão eletrônica digital/001.Projeto de Sistemas Digitais/Quartus/PrimeiroProjeto/simulation/qsim/" NewProject -c NewProject
quartus_eda --gen_testbench --tool=modelsim_oem --format=verilog --write_settings_files=off NewProject -c NewProject --vector_source="C:/Users/Henry/OneDrive/Área de Trabalho/Revisão eletrônica digital/001.Projeto de Sistemas Digitais/Quartus/PrimeiroProjeto/Waveform.vwf" --testbench_file="C:/Users/Henry/OneDrive/Área de Trabalho/Revisão eletrônica digital/001.Projeto de Sistemas Digitais/Quartus/PrimeiroProjeto/simulation/qsim/Waveform.vwf.vt"
quartus_eda --write_settings_files=off --simulation=on --functional=on --flatten_buses=off --tool=modelsim_oem --format=verilog --output_directory="C:/Users/Henry/OneDrive/Área de Trabalho/Revisão eletrônica digital/001.Projeto de Sistemas Digitais/Quartus/PrimeiroProjeto/simulation/qsim/" NewProject -c NewProject
quartus_eda --gen_testbench --tool=modelsim_oem --format=verilog --write_settings_files=off NewProject -c NewProject --vector_source="C:/Users/Henry/OneDrive/Área de Trabalho/Revisão eletrônica digital/001.Projeto de Sistemas Digitais/Quartus/PrimeiroProjeto/Waveform.vwf" --testbench_file="C:/Users/Henry/OneDrive/Área de Trabalho/Revisão eletrônica digital/001.Projeto de Sistemas Digitais/Quartus/PrimeiroProjeto/simulation/qsim/Waveform.vwf.vt"
quartus_eda --write_settings_files=off --simulation=on --functional=off --flatten_buses=off --timescale=1ps --tool=modelsim_oem --format=verilog --output_directory="C:/Users/Henry/OneDrive/Área de Trabalho/Revisão eletrônica digital/001.Projeto de Sistemas Digitais/Quartus/PrimeiroProjeto/simulation/qsim/" NewProject -c NewProject
quartus_eda --gen_testbench --tool=modelsim_oem --format=verilog --write_settings_files=off NewProject -c NewProject --vector_source="C:/Users/Henry/OneDrive/Área de Trabalho/Revisão eletrônica digital/001.Projeto de Sistemas Digitais/Quartus/PrimeiroProjeto/Waveform.vwf" --testbench_file="C:/Users/Henry/OneDrive/Área de Trabalho/Revisão eletrônica digital/001.Projeto de Sistemas Digitais/Quartus/PrimeiroProjeto/simulation/qsim/Waveform.vwf.vt"
quartus_eda --write_settings_files=off --simulation=on --functional=on --flatten_buses=off --tool=modelsim_oem --format=verilog --output_directory="C:/Users/Henry/OneDrive/Área de Trabalho/Revisão eletrônica digital/001.Projeto de Sistemas Digitais/Quartus/PrimeiroProjeto/simulation/qsim/" NewProject -c NewProject



